INFO:Node:5001:Nó procedural ativo em localhost:5001
INFO:Node:5001:Não há peers desconhecidos na lista
INFO:Node:5001:Conectado ao peer localhost:5000
INFO:Node:5001:Minerando bloco #1...
INFO:Node:5001:Mensagem NEW_BLOCK propagada para 0 peers.
INFO:Node:5001:Nó procedural ativo em localhost:5001
INFO:Node:5001:Não há peers desconhecidos na lista
INFO:Node:5001:Conectado ao peer localhost:5000
INFO:Node:5001:Mensagem REQUEST_CHAIN propagada para 1 peers.
INFO:Node:5001:Blockchain sincronizada com a versão mais longa dos peers.
INFO:Node:5001:Minerando bloco #2...
INFO:Node:5001:Mensagem NEW_BLOCK propagada para 1 peers.
INFO:Node:5001:Nó procedural ativo em localhost:5001
INFO:Node:5001:Não há peers desconhecidos na lista
INFO:Node:5001:Conectado ao peer localhost:5000
INFO:Node:5001:Novo bloco #1 adicionado via rede.
INFO:Node:5001:Resposta RESPONSE_CHAIN encaminhada ('127.0.0.1', 48224)
INFO:Node:5001:Minerando bloco #2...
INFO:Node:5001:Mensagem NEW_BLOCK propagada para 1 peers.
INFO:Node:5001:Nó procedural ativo em localhost:5001
INFO:Node:5001:Não há peers desconhecidos na lista
INFO:Node:5001:Conectado ao peer localhost:5000
INFO:Node:5001:Resposta PONG encaminhada ('127.0.0.1', 35360)
INFO:Node:5001:Novo bloco #2 adicionado via rede.
INFO:Node:5001:Resposta PONG encaminhada ('127.0.0.1', 34462)
INFO:Node:5001:Resposta RESPONSE_CHAIN encaminhada ('127.0.0.1', 34476)
INFO:Node:5001:Novo bloco #3 adicionado via rede.
